This file contains any messages produced by compilers while
running configure, to aid debugging if configure makes a mistake.

It was created by configure, which was
generated by GNU Autoconf 2.61.  Invocation command line was

  $ ./configure --without-libintl-prefix --without-libiconv-prefix --prefix=/usr/pkg --build=x86_64--netbsd --host=x86_64--netbsd --mandir=/usr/pkg/man

## --------- ##
## Platform. ##
## --------- ##

hostname = idlefortress.co.accessaxis.com
uname -m = amd64
uname -r = 5.0.2
uname -s = NetBSD
uname -v = NetBSD 5.0.2 (GENERIC) #0: Sat Feb  6 13:44:19 UTC 2010  builds@b8.netbsd.org:/home/builds/ab/netbsd-5-0-2-RELEASE/amd64/201002061851Z-obj/home/builds/ab/netbsd-5-0-2-RELEASE/src/sys/arch/amd64/compile/GENERIC

/usr/bin/uname -p = x86_64
/bin/uname -X     = unknown

/bin/arch              = unknown
/usr/bin/arch -k       = unknown
/usr/convex/getsysinfo = unknown
/usr/bin/hostinfo      = unknown
/bin/machine           = unknown
/usr/bin/oslevel       = unknown
/bin/universe          = unknown

PATH: /usr/pkgsrc/wip/ldapuseradd/work/.wrapper/bin
PATH: /usr/pkgsrc/wip/ldapuseradd/work/.buildlink/bin
PATH: /usr/pkgsrc/wip/ldapuseradd/work/.tools/bin
PATH: /usr/pkgsrc/wip/ldapuseradd/work/.gcc/bin
PATH: /usr/pkg/bin
PATH: /usr/bin
PATH: /usr/sbin
PATH: /bin
PATH: /sbin
PATH: /usr/X11R6/bin
PATH: /usr/X11R7/bin
PATH: /usr/pkg/bin
PATH: /usr/local/sbin
PATH: /usr/pkg/sbin
PATH: /usr/games
PATH: /usr/ucb
PATH: /usr/bin/X11
PATH: /genadmin/arch/NetBSD/bin/amd64
PATH: /genadmin/bin
PATH: /genadmin/arch/neutral/bin
PATH: /usr/pkg/bin
PATH: /usr/X11R7/bin


## ----------- ##
## Core tests. ##
## ----------- ##

configure:1755: checking for a BSD-compatible install
configure:1811: result: /usr/bin/install -c -o root -g wheel
configure:1830: checking for x86_64--netbsd-gcc
configure:1857: result: cc
configure:2135: checking for C compiler version
configure:2142: cc --version >&5
gcc (GCC) 4.1.3 20080704 prerelease (NetBSD nb2 20081120)
Copyright (C) 2006 Free Software Foundation, Inc.
This is free software; see the source for copying conditions.  There is NO
warranty; not even for MERCHANTABILITY or FITNESS FOR A PARTICULAR PURPOSE.

configure:2145: $? = 0
configure:2152: cc -v >&5
Using built-in specs.
Target: x86_64--netbsd
Configured with: /usr/src/tools/gcc/../../gnu/dist/gcc4/configure --enable-long-long --disable-multilib --enable-threads --disable-symvers --build=x86_64-unknown-netbsd4.99.72 --host=x86_64--netbsd --target=x86_64--netbsd --enable-__cxa_atexit
Thread model: posix
gcc version 4.1.3 20080704 prerelease (NetBSD nb2 20081120)
configure:2155: $? = 0
configure:2162: cc -V >&5
gcc: couldn't run '/usr/pkgsrc/wip/ldapuseradd/work/.gcc/bin/x86_64--netbsd-gcc--I/usr/pkgsrc/wip/ldapuseradd/work/.buildlink/include': No such file or directory
configure:2165: $? = 1
configure:2188: checking for C compiler default output file name
configure:2215: cc -fPIC -I/usr/include -I/usr/pkg/include/mysql -I/usr/include -I/usr/pkg/include/mysql -L/usr/lib -Wl,-R/usr/lib -L/usr/pkg/lib/mysql -Wl,-R/usr/pkg/lib/mysql -Wl,-R/usr/pkg/lib conftest.c -lintl >&5
configure:2218: $? = 0
configure:2256: result: a.out
configure:2273: checking whether the C compiler works
configure:2283: ./a.out
configure:2286: $? = 0
configure:2303: result: yes
configure:2310: checking whether we are cross compiling
configure:2312: result: no
configure:2315: checking for suffix of executables
configure:2322: cc -o conftest -fPIC -I/usr/include -I/usr/pkg/include/mysql -I/usr/include -I/usr/pkg/include/mysql -L/usr/lib -Wl,-R/usr/lib -L/usr/pkg/lib/mysql -Wl,-R/usr/pkg/lib/mysql -Wl,-R/usr/pkg/lib conftest.c -lintl >&5
configure:2325: $? = 0
configure:2349: result: 
configure:2355: checking for suffix of object files
configure:2381: cc -c -fPIC -I/usr/include -I/usr/pkg/include/mysql -I/usr/include -I/usr/pkg/include/mysql conftest.c >&5
configure:2384: $? = 0
configure:2407: result: o
configure:2411: checking whether we are using the GNU C compiler
configure:2440: cc -c -fPIC -I/usr/include -I/usr/pkg/include/mysql -I/usr/include -I/usr/pkg/include/mysql conftest.c >&5
configure:2446: $? = 0
configure:2463: result: yes
configure:2468: checking whether cc accepts -g
configure:2498: cc -c -g -I/usr/include -I/usr/pkg/include/mysql conftest.c >&5
configure:2504: $? = 0
configure:2603: result: yes
configure:2620: checking for cc option to accept ISO C89
configure:2694: cc  -c -fPIC -I/usr/include -I/usr/pkg/include/mysql -I/usr/include -I/usr/pkg/include/mysql conftest.c >&5
configure:2700: $? = 0
configure:2723: result: none needed
configure:2745: checking for mysql
configure:2763: found /usr/pkg/bin/mysql
configure:2775: result: /usr/pkg/bin/mysql
configure:2794: checking for xargs
configure:2812: found /usr/pkgsrc/wip/ldapuseradd/work/.tools/bin/xargs
configure:2824: result: /usr/pkgsrc/wip/ldapuseradd/work/.tools/bin/xargs
configure:2843: checking for find
configure:2873: result: /usr/bin/find
configure:2892: checking for stty
configure:2910: found /bin/stty
configure:2922: result: /bin/stty
configure:2941: checking for rm
configure:2971: result: /bin/rm
configure:2990: checking for cp
configure:3020: result: /bin/cp
configure:3039: checking for chgrp
configure:3057: found /usr/pkgsrc/wip/ldapuseradd/work/.tools/bin/chgrp
configure:3069: result: /usr/pkgsrc/wip/ldapuseradd/work/.tools/bin/chgrp
configure:3088: checking for chown
configure:3106: found /usr/pkgsrc/wip/ldapuseradd/work/.tools/bin/chown
configure:3118: result: /usr/pkgsrc/wip/ldapuseradd/work/.tools/bin/chown
configure:3137: checking for chmod
configure:3167: result: /bin/chmod
configure:3219: checking how to run the C preprocessor
configure:3259: cc -E -I/usr/include -I/usr/pkg/include/mysql conftest.c
configure:3265: $? = 0
configure:3296: cc -E -I/usr/include -I/usr/pkg/include/mysql conftest.c
conftest.c:8:28: error: ac_nonexistent.h: No such file or directory
configure:3302: $? = 1
configure: failed program was:
| /* confdefs.h.  */
| #define PACKAGE_NAME ""
| #define PACKAGE_TARNAME ""
| #define PACKAGE_VERSION ""
| #define PACKAGE_STRING ""
| #define PACKAGE_BUGREPORT ""
| /* end confdefs.h.  */
| #include <ac_nonexistent.h>
configure:3335: result: cc -E
configure:3364: cc -E -I/usr/include -I/usr/pkg/include/mysql conftest.c
configure:3370: $? = 0
configure:3401: cc -E -I/usr/include -I/usr/pkg/include/mysql conftest.c
conftest.c:8:28: error: ac_nonexistent.h: No such file or directory
configure:3407: $? = 1
configure: failed program was:
| /* confdefs.h.  */
| #define PACKAGE_NAME ""
| #define PACKAGE_TARNAME ""
| #define PACKAGE_VERSION ""
| #define PACKAGE_STRING ""
| #define PACKAGE_BUGREPORT ""
| /* end confdefs.h.  */
| #include <ac_nonexistent.h>
configure:3445: checking for grep that handles long lines and -e
configure:3519: result: /usr/bin/grep
configure:3524: checking for egrep
configure:3602: result: /usr/bin/egrep
configure:3607: checking for ANSI C header files
configure:3637: cc -c -fPIC -I/usr/include -I/usr/pkg/include/mysql -I/usr/include -I/usr/pkg/include/mysql conftest.c >&5
configure:3643: $? = 0
configure:3742: cc -o conftest -fPIC -I/usr/include -I/usr/pkg/include/mysql -I/usr/include -I/usr/pkg/include/mysql -L/usr/lib -Wl,-R/usr/lib -L/usr/pkg/lib/mysql -Wl,-R/usr/pkg/lib/mysql -Wl,-R/usr/pkg/lib conftest.c -lintl >&5
configure:3745: $? = 0
configure:3751: ./conftest
configure:3754: $? = 0
configure:3771: result: yes
configure:3795: checking for sys/types.h
configure:3816: cc -c -fPIC -I/usr/include -I/usr/pkg/include/mysql -I/usr/include -I/usr/pkg/include/mysql conftest.c >&5
configure:3822: $? = 0
configure:3838: result: yes
configure:3795: checking for sys/stat.h
configure:3816: cc -c -fPIC -I/usr/include -I/usr/pkg/include/mysql -I/usr/include -I/usr/pkg/include/mysql conftest.c >&5
configure:3822: $? = 0
configure:3838: result: yes
configure:3795: checking for stdlib.h
configure:3816: cc -c -fPIC -I/usr/include -I/usr/pkg/include/mysql -I/usr/include -I/usr/pkg/include/mysql conftest.c >&5
configure:3822: $? = 0
configure:3838: result: yes
configure:3795: checking for string.h
configure:3816: cc -c -fPIC -I/usr/include -I/usr/pkg/include/mysql -I/usr/include -I/usr/pkg/include/mysql conftest.c >&5
configure:3822: $? = 0
configure:3838: result: yes
configure:3795: checking for memory.h
configure:3816: cc -c -fPIC -I/usr/include -I/usr/pkg/include/mysql -I/usr/include -I/usr/pkg/include/mysql conftest.c >&5
configure:3822: $? = 0
configure:3838: result: yes
configure:3795: checking for strings.h
configure:3816: cc -c -fPIC -I/usr/include -I/usr/pkg/include/mysql -I/usr/include -I/usr/pkg/include/mysql conftest.c >&5
configure:3822: $? = 0
configure:3838: result: yes
configure:3795: checking for inttypes.h
configure:3816: cc -c -fPIC -I/usr/include -I/usr/pkg/include/mysql -I/usr/include -I/usr/pkg/include/mysql conftest.c >&5
configure:3822: $? = 0
configure:3838: result: yes
configure:3795: checking for stdint.h
configure:3816: cc -c -fPIC -I/usr/include -I/usr/pkg/include/mysql -I/usr/include -I/usr/pkg/include/mysql conftest.c >&5
configure:3822: $? = 0
configure:3838: result: yes
configure:3795: checking for unistd.h
configure:3816: cc -c -fPIC -I/usr/include -I/usr/pkg/include/mysql -I/usr/include -I/usr/pkg/include/mysql conftest.c >&5
configure:3822: $? = 0
configure:3838: result: yes
configure:3865: checking dirent.h usability
configure:3882: cc -c -fPIC -I/usr/include -I/usr/pkg/include/mysql -I/usr/include -I/usr/pkg/include/mysql conftest.c >&5
configure:3888: $? = 0
configure:3902: result: yes
configure:3906: checking dirent.h presence
configure:3921: cc -E -I/usr/include -I/usr/pkg/include/mysql conftest.c
configure:3927: $? = 0
configure:3941: result: yes
configure:3969: checking for dirent.h
configure:3977: result: yes
configure:4005: checking errno.h usability
configure:4022: cc -c -fPIC -I/usr/include -I/usr/pkg/include/mysql -I/usr/include -I/usr/pkg/include/mysql conftest.c >&5
configure:4028: $? = 0
configure:4042: result: yes
configure:4046: checking errno.h presence
configure:4061: cc -E -I/usr/include -I/usr/pkg/include/mysql conftest.c
configure:4067: $? = 0
configure:4081: result: yes
configure:4109: checking for errno.h
configure:4117: result: yes
configure:4145: checking fcntl.h usability
configure:4162: cc -c -fPIC -I/usr/include -I/usr/pkg/include/mysql -I/usr/include -I/usr/pkg/include/mysql conftest.c >&5
configure:4168: $? = 0
configure:4182: result: yes
configure:4186: checking fcntl.h presence
configure:4201: cc -E -I/usr/include -I/usr/pkg/include/mysql conftest.c
configure:4207: $? = 0
configure:4221: result: yes
configure:4249: checking for fcntl.h
configure:4257: result: yes
configure:4285: checking pwd.h usability
configure:4302: cc -c -fPIC -I/usr/include -I/usr/pkg/include/mysql -I/usr/include -I/usr/pkg/include/mysql conftest.c >&5
configure:4308: $? = 0
configure:4322: result: yes
configure:4326: checking pwd.h presence
configure:4341: cc -E -I/usr/include -I/usr/pkg/include/mysql conftest.c
configure:4347: $? = 0
configure:4361: result: yes
configure:4389: checking for pwd.h
configure:4397: result: yes
configure:4425: checking signal.h usability
configure:4442: cc -c -fPIC -I/usr/include -I/usr/pkg/include/mysql -I/usr/include -I/usr/pkg/include/mysql conftest.c >&5
configure:4448: $? = 0
configure:4462: result: yes
configure:4466: checking signal.h presence
configure:4481: cc -E -I/usr/include -I/usr/pkg/include/mysql conftest.c
configure:4487: $? = 0
configure:4501: result: yes
configure:4529: checking for signal.h
configure:4537: result: yes
configure:4565: checking stdarg.h usability
configure:4582: cc -c -fPIC -I/usr/include -I/usr/pkg/include/mysql -I/usr/include -I/usr/pkg/include/mysql conftest.c >&5
configure:4588: $? = 0
configure:4602: result: yes
configure:4606: checking stdarg.h presence
configure:4621: cc -E -I/usr/include -I/usr/pkg/include/mysql conftest.c
configure:4627: $? = 0
configure:4641: result: yes
configure:4669: checking for stdarg.h
configure:4677: result: yes
configure:4705: checking stdio.h usability
configure:4722: cc -c -fPIC -I/usr/include -I/usr/pkg/include/mysql -I/usr/include -I/usr/pkg/include/mysql conftest.c >&5
configure:4728: $? = 0
configure:4742: result: yes
configure:4746: checking stdio.h presence
configure:4761: cc -E -I/usr/include -I/usr/pkg/include/mysql conftest.c
configure:4767: $? = 0
configure:4781: result: yes
configure:4809: checking for stdio.h
configure:4817: result: yes
configure:4835: checking for sys/stat.h
configure:4841: result: yes
configure:4975: checking for sys/types.h
configure:4981: result: yes
configure:5112: checking for pid_t
configure:5142: cc -c -fPIC -I/usr/include -I/usr/pkg/include/mysql -I/usr/include -I/usr/pkg/include/mysql conftest.c >&5
configure:5148: $? = 0
configure:5163: result: yes
configure:5175: checking for size_t
configure:5205: cc -c -fPIC -I/usr/include -I/usr/pkg/include/mysql -I/usr/include -I/usr/pkg/include/mysql conftest.c >&5
configure:5211: $? = 0
configure:5226: result: yes
configure:5238: checking for uid_t in sys/types.h
configure:5261: result: yes
configure:5277: checking return type of signal handlers
configure:5305: cc -c -fPIC -I/usr/include -I/usr/pkg/include/mysql -I/usr/include -I/usr/pkg/include/mysql conftest.c >&5
conftest.c: In function 'main':
conftest.c:33: error: void value not ignored as it ought to be
configure:5311: $? = 1
configure: failed program was:
| /* confdefs.h.  */
| #define PACKAGE_NAME ""
| #define PACKAGE_TARNAME ""
| #define PACKAGE_VERSION ""
| #define PACKAGE_STRING ""
| #define PACKAGE_BUGREPORT ""
| #define STDC_HEADERS 1
| #define HAVE_SYS_TYPES_H 1
| #define HAVE_SYS_STAT_H 1
| #define HAVE_STDLIB_H 1
| #define HAVE_STRING_H 1
| #define HAVE_MEMORY_H 1
| #define HAVE_STRINGS_H 1
| #define HAVE_INTTYPES_H 1
| #define HAVE_STDINT_H 1
| #define HAVE_UNISTD_H 1
| #define HAVE_DIRENT_H 1
| #define HAVE_ERRNO_H 1
| #define HAVE_FCNTL_H 1
| #define HAVE_PWD_H 1
| #define HAVE_SIGNAL_H 1
| #define HAVE_STDARG_H 1
| #define HAVE_STDIO_H 1
| #define HAVE_SYS_STAT_H 1
| #define HAVE_SYS_TYPES_H 1
| /* end confdefs.h.  */
| #include <sys/types.h>
| #include <signal.h>
| 
| int
| main ()
| {
| return *(signal (0, 0)) (0) == 1;
|   ;
|   return 0;
| }
configure:5326: result: void
configure:5340: checking for select
configure:5396: cc -o conftest -fPIC -I/usr/include -I/usr/pkg/include/mysql -I/usr/include -I/usr/pkg/include/mysql -L/usr/lib -Wl,-R/usr/lib -L/usr/pkg/lib/mysql -Wl,-R/usr/pkg/lib/mysql -Wl,-R/usr/pkg/lib conftest.c -lintl >&5
configure:5402: $? = 0
configure:5420: result: yes
configure:5340: checking for strerror
configure:5396: cc -o conftest -fPIC -I/usr/include -I/usr/pkg/include/mysql -I/usr/include -I/usr/pkg/include/mysql -L/usr/lib -Wl,-R/usr/lib -L/usr/pkg/lib/mysql -Wl,-R/usr/pkg/lib/mysql -Wl,-R/usr/pkg/lib conftest.c -lintl >&5
configure:5402: $? = 0
configure:5420: result: yes
configure:5340: checking for strstr
configure:5396: cc -o conftest -fPIC -I/usr/include -I/usr/pkg/include/mysql -I/usr/include -I/usr/pkg/include/mysql -L/usr/lib -Wl,-R/usr/lib -L/usr/pkg/lib/mysql -Wl,-R/usr/pkg/lib/mysql -Wl,-R/usr/pkg/lib conftest.c -lintl >&5
conftest.c:53: warning: conflicting types for built-in function 'strstr'
configure:5402: $? = 0
configure:5420: result: yes
configure:5563: creating ./config.status

## ---------------------- ##
## Running config.status. ##
## ---------------------- ##

This file was extended by config.status, which was
generated by GNU Autoconf 2.61.  Invocation command line was

  CONFIG_FILES    = 
  CONFIG_HEADERS  = 
  CONFIG_LINKS    = 
  CONFIG_COMMANDS = 
  $ ./config.status 

on idlefortress.co.accessaxis.com

config.status:6247: creating config.h
config.status:6247: creating Makefile
config.status:6247: creating src/Makefile
config.status:6247: creating src/hooks/Makefile
config.status:6247: creating man5/Makefile
config.status:6247: creating man8/Makefile

## ---------------- ##
## Cache variables. ##
## ---------------- ##

ac_cv_c_compiler_gnu=yes
ac_cv_env_CC_set=set
ac_cv_env_CC_value=cc
ac_cv_env_CFLAGS_set=set
ac_cv_env_CFLAGS_value='-fPIC -I/usr/include -I/usr/pkg/include/mysql'
ac_cv_env_CPPFLAGS_set=set
ac_cv_env_CPPFLAGS_value='-I/usr/include -I/usr/pkg/include/mysql'
ac_cv_env_CPP_set=
ac_cv_env_CPP_value=
ac_cv_env_LDFLAGS_set=set
ac_cv_env_LDFLAGS_value='-L/usr/lib -Wl,-R/usr/lib -L/usr/pkg/lib/mysql -Wl,-R/usr/pkg/lib/mysql -Wl,-R/usr/pkg/lib'
ac_cv_env_LIBS_set=set
ac_cv_env_LIBS_value=-lintl
ac_cv_env_build_alias_set=set
ac_cv_env_build_alias_value=x86_64--netbsd
ac_cv_env_host_alias_set=set
ac_cv_env_host_alias_value=x86_64--netbsd
ac_cv_env_target_alias_set=
ac_cv_env_target_alias_value=
ac_cv_func_select=yes
ac_cv_func_strerror=yes
ac_cv_func_strstr=yes
ac_cv_header_dirent_h=yes
ac_cv_header_errno_h=yes
ac_cv_header_fcntl_h=yes
ac_cv_header_inttypes_h=yes
ac_cv_header_memory_h=yes
ac_cv_header_pwd_h=yes
ac_cv_header_signal_h=yes
ac_cv_header_stdarg_h=yes
ac_cv_header_stdc=yes
ac_cv_header_stdint_h=yes
ac_cv_header_stdio_h=yes
ac_cv_header_stdlib_h=yes
ac_cv_header_string_h=yes
ac_cv_header_strings_h=yes
ac_cv_header_sys_stat_h=yes
ac_cv_header_sys_types_h=yes
ac_cv_header_unistd_h=yes
ac_cv_objext=o
ac_cv_path_CAT=/bin/cat
ac_cv_path_CHGRP=/usr/pkgsrc/wip/ldapuseradd/work/.tools/bin/chgrp
ac_cv_path_CHMOD=/bin/chmod
ac_cv_path_CHOWN=/usr/pkgsrc/wip/ldapuseradd/work/.tools/bin/chown
ac_cv_path_CP=/bin/cp
ac_cv_path_ECHO=echo
ac_cv_path_EGREP=/usr/bin/egrep
ac_cv_path_ENV=/usr/bin/env
ac_cv_path_FALSE=false
ac_cv_path_FIND=/usr/bin/find
ac_cv_path_GREP=/usr/bin/grep
ac_cv_path_MYSQL=/usr/pkg/bin/mysql
ac_cv_path_RM=/bin/rm
ac_cv_path_STTY=/bin/stty
ac_cv_path_TEST=test
ac_cv_path_TRUE=true
ac_cv_path_XARGS=/usr/pkgsrc/wip/ldapuseradd/work/.tools/bin/xargs
ac_cv_prog_CC=cc
ac_cv_prog_CPP='cc -E'
ac_cv_prog_cc_c89=
ac_cv_prog_cc_g=yes
ac_cv_type_pid_t=yes
ac_cv_type_signal=void
ac_cv_type_size_t=yes
ac_cv_type_uid_t=yes
gt_cv_func_gnugettext1_libintl=yes
gt_cv_func_gnugettext2_libintl=yes
gt_cv_func_gnugettext_libintl=yes

## ----------------- ##
## Output variables. ##
## ----------------- ##

BIN_DIR='/usr/pkg/sbin'
CC='cc'
CFLAGS='-fPIC -I/usr/include -I/usr/pkg/include/mysql'
CHGRP='/usr/pkgsrc/wip/ldapuseradd/work/.tools/bin/chgrp'
CHMOD='/bin/chmod'
CHOWN='/usr/pkgsrc/wip/ldapuseradd/work/.tools/bin/chown'
CONFIG_DIR='/usr/pkg/etc/ldapuseradd'
CP='/bin/cp'
CPP='cc -E'
CPPFLAGS='-I/usr/include -I/usr/pkg/include/mysql'
DEFS='-DPACKAGE_NAME=\"\" -DPACKAGE_TARNAME=\"\" -DPACKAGE_VERSION=\"\" -DPACKAGE_STRING=\"\" -DPACKAGE_BUGREPORT=\"\" -DSTDC_HEADERS=1 -DHAVE_SYS_TYPES_H=1 -DHAVE_SYS_STAT_H=1 -DHAVE_STDLIB_H=1 -DHAVE_STRING_H=1 -DHAVE_MEMORY_H=1 -DHAVE_STRINGS_H=1 -DHAVE_INTTYPES_H=1 -DHAVE_STDINT_H=1 -DHAVE_UNISTD_H=1 -DHAVE_DIRENT_H=1 -DHAVE_ERRNO_H=1 -DHAVE_FCNTL_H=1 -DHAVE_PWD_H=1 -DHAVE_SIGNAL_H=1 -DHAVE_STDARG_H=1 -DHAVE_STDIO_H=1 -DHAVE_SYS_STAT_H=1 -DHAVE_SYS_TYPES_H=1 -DRETSIGTYPE=void -DHAVE_SELECT=1 -DHAVE_STRERROR=1 -DHAVE_STRSTR=1'
ECHO_C=''
ECHO_N='-n'
ECHO_T=''
EGREP='/usr/bin/egrep'
EXEEXT=''
FIND='/usr/bin/find'
GREP='/usr/bin/grep'
HOSTARCH='amd64'
HOSTOS='NetBSD'
HOSTREL='5.0.2'
INSTALL_DATA='/usr/bin/install -c -o root -g wheel -m 444'
INSTALL_PROGRAM='/usr/bin/install -c -s -o root -g wheel -m 555'
INSTALL_SCRIPT='/usr/bin/install -c -o root -g wheel -m 555'
LDFLAGS='-L/usr/lib -Wl,-R/usr/lib -L/usr/pkg/lib/mysql -Wl,-R/usr/pkg/lib/mysql -Wl,-R/usr/pkg/lib'
LIBOBJS=''
LIBS='-lintl'
LIB_DIR='/usr/pkg/lib/ldapuseradd'
LTLIBOBJS=''
MAN_DIR='/usr/pkg/man'
MYSQL='/usr/pkg/bin/mysql'
OBJEXT='o'
PACKAGE_BUGREPORT=''
PACKAGE_NAME=''
PACKAGE_STRING=''
PACKAGE_TARNAME=''
PACKAGE_VERSION=''
PATH_SEPARATOR=':'
RM='/bin/rm'
SHELL='/bin/sh'
STTY='/bin/stty'
XARGS='/usr/pkgsrc/wip/ldapuseradd/work/.tools/bin/xargs'
ac_ct_CC=''
bindir='${exec_prefix}/bin'
build_alias='x86_64--netbsd'
datadir='${datarootdir}'
datarootdir='${prefix}/share'
docdir='${datarootdir}/doc/${PACKAGE}'
dvidir='${docdir}'
exec_prefix='${prefix}'
host_alias='x86_64--netbsd'
htmldir='${docdir}'
includedir='${prefix}/include'
infodir='${datarootdir}/info'
libdir='${exec_prefix}/lib'
libexecdir='${exec_prefix}/libexec'
localedir='${datarootdir}/locale'
localstatedir='${prefix}/var'
mandir='/usr/pkg/man'
oldincludedir='/usr/include'
pdfdir='${docdir}'
prefix='/usr/pkg'
program_transform_name='s,x,x,'
psdir='${docdir}'
sbindir='${exec_prefix}/sbin'
sharedstatedir='${prefix}/com'
sysconfdir='${prefix}/etc'
target_alias=''

## ----------- ##
## confdefs.h. ##
## ----------- ##

#define PACKAGE_NAME ""
#define PACKAGE_TARNAME ""
#define PACKAGE_VERSION ""
#define PACKAGE_STRING ""
#define PACKAGE_BUGREPORT ""
#define STDC_HEADERS 1
#define HAVE_SYS_TYPES_H 1
#define HAVE_SYS_STAT_H 1
#define HAVE_STDLIB_H 1
#define HAVE_STRING_H 1
#define HAVE_MEMORY_H 1
#define HAVE_STRINGS_H 1
#define HAVE_INTTYPES_H 1
#define HAVE_STDINT_H 1
#define HAVE_UNISTD_H 1
#define HAVE_DIRENT_H 1
#define HAVE_ERRNO_H 1
#define HAVE_FCNTL_H 1
#define HAVE_PWD_H 1
#define HAVE_SIGNAL_H 1
#define HAVE_STDARG_H 1
#define HAVE_STDIO_H 1
#define HAVE_SYS_STAT_H 1
#define HAVE_SYS_TYPES_H 1
#define RETSIGTYPE void
#define HAVE_SELECT 1
#define HAVE_STRERROR 1
#define HAVE_STRSTR 1

configure: exit 0
