The system is: NetBSD - 5.1_RC3 - x86_64
Compiling the C compiler identification source file "CMakeCCompilerId.c" succeeded.
Compiler: /usr/pkgsrc/wip/eor/work/.wrapper/bin/cc 
Build flags: -O2;-O3;-msse3;-mfpmath=sse
Id flags: 

The output was:
0


Compilation of the C compiler identification source "CMakeCCompilerId.c" produced "a.out"

The C compiler identification is GNU, found in "/usr/pkgsrc/wip/eor/work/eor-1.0.1/CMakeFiles/CompilerIdC/a.out"

Determining if the C compiler works passed with the following output:
Change Dir: /usr/pkgsrc/wip/eor/work/eor-1.0.1/CMakeFiles/CMakeTmp

Run Build Command:/usr/pkgsrc/wip/eor/work/.tools/bin/gmake "cmTryCompileExec/fast"
make -f CMakeFiles/cmTryCompileExec.dir/build.make CMakeFiles/cmTryCompileExec.dir/build
make[1]: Entering directory `/usr/pkgsrc/wip/eor/work/eor-1.0.1/CMakeFiles/CMakeTmp'
/usr/pkg/bin/cmake -E cmake_progress_report /usr/pkgsrc/wip/eor/work/eor-1.0.1/CMakeFiles/CMakeTmp/CMakeFiles 1
Building C object CMakeFiles/cmTryCompileExec.dir/testCCompiler.c.o
/usr/pkgsrc/wip/eor/work/.wrapper/bin/cc   -O2 -O3 -msse3 -mfpmath=sse      -o CMakeFiles/cmTryCompileExec.dir/testCCompiler.c.o   -c /usr/pkgsrc/wip/eor/work/eor-1.0.1/CMakeFiles/CMakeTmp/testCCompiler.c
Linking C executable cmTryCompileExec
/usr/pkg/bin/cmake -E cmake_link_script CMakeFiles/cmTryCompileExec.dir/link.txt --verbose=1
/usr/pkgsrc/wip/eor/work/.wrapper/bin/cc   -O2 -O3 -msse3 -mfpmath=sse     -Wl,-R/usr/pkg/lib CMakeFiles/cmTryCompileExec.dir/testCCompiler.c.o  -o cmTryCompileExec  
make[1]: Leaving directory `/usr/pkgsrc/wip/eor/work/eor-1.0.1/CMakeFiles/CMakeTmp'


Detecting C compiler ABI info compiled with the following output:
Change Dir: /usr/pkgsrc/wip/eor/work/eor-1.0.1/CMakeFiles/CMakeTmp

Run Build Command:/usr/pkgsrc/wip/eor/work/.tools/bin/gmake "cmTryCompileExec/fast"
make -f CMakeFiles/cmTryCompileExec.dir/build.make CMakeFiles/cmTryCompileExec.dir/build
make[1]: Entering directory `/usr/pkgsrc/wip/eor/work/eor-1.0.1/CMakeFiles/CMakeTmp'
/usr/pkg/bin/cmake -E cmake_progress_report /usr/pkgsrc/wip/eor/work/eor-1.0.1/CMakeFiles/CMakeTmp/CMakeFiles 1
Building C object CMakeFiles/cmTryCompileExec.dir/CMakeCCompilerABI.c.o
/usr/pkgsrc/wip/eor/work/.wrapper/bin/cc   -O2 -O3 -msse3 -mfpmath=sse      -o CMakeFiles/cmTryCompileExec.dir/CMakeCCompilerABI.c.o   -c /usr/pkg/share/cmake-2.8/Modules/CMakeCCompilerABI.c
Linking C executable cmTryCompileExec
/usr/pkg/bin/cmake -E cmake_link_script CMakeFiles/cmTryCompileExec.dir/link.txt --verbose=1
/usr/pkgsrc/wip/eor/work/.wrapper/bin/cc   -O2 -O3 -msse3 -mfpmath=sse     -v CMakeFiles/cmTryCompileExec.dir/CMakeCCompilerABI.c.o  -o cmTryCompileExec   
Using built-in specs.
Target: x86_64--netbsd
Configured with: /usr/src/tools/gcc/../../gnu/dist/gcc4/configure --enable-long-long --disable-multilib --enable-threads --disable-symvers --build=x86_64-unknown-netbsd4.99.72 --host=x86_64--netbsd --target=x86_64--netbsd --enable-__cxa_atexit
Thread model: posix
gcc version 4.1.3 20080704 prerelease (NetBSD nb2 20081120)
 ld -dc -dp -e _start -dynamic-linker /usr/libexec/ld.elf_so -o cmTryCompileExec /usr/lib/crt0.o /usr/lib/crti.o /usr/lib/crtbegin.o CMakeFiles/cmTryCompileExec.dir/CMakeCCompilerABI.c.o -lgcc -lgcc_eh -lc -lgcc -lgcc_eh /usr/lib/crtend.o /usr/lib/crtn.o
make[1]: Leaving directory `/usr/pkgsrc/wip/eor/work/eor-1.0.1/CMakeFiles/CMakeTmp'


Parsed C implicit link information from above output:
  link line regex: [^( *|.*[/\])(ld|ld|collect2)[^/\]*( |$)]
  ignore line: [Change Dir: /usr/pkgsrc/wip/eor/work/eor-1.0.1/CMakeFiles/CMakeTmp]
  ignore line: []
  ignore line: [Run Build Command:/usr/pkgsrc/wip/eor/work/.tools/bin/gmake "cmTryCompileExec/fast"]
  ignore line: [make -f CMakeFiles/cmTryCompileExec.dir/build.make CMakeFiles/cmTryCompileExec.dir/build]
  ignore line: [make[1]: Entering directory `/usr/pkgsrc/wip/eor/work/eor-1.0.1/CMakeFiles/CMakeTmp']
  ignore line: [/usr/pkg/bin/cmake -E cmake_progress_report /usr/pkgsrc/wip/eor/work/eor-1.0.1/CMakeFiles/CMakeTmp/CMakeFiles 1]
  ignore line: [Building C object CMakeFiles/cmTryCompileExec.dir/CMakeCCompilerABI.c.o]
  ignore line: [/usr/pkgsrc/wip/eor/work/.wrapper/bin/cc   -O2 -O3 -msse3 -mfpmath=sse      -o CMakeFiles/cmTryCompileExec.dir/CMakeCCompilerABI.c.o   -c /usr/pkg/share/cmake-2.8/Modules/CMakeCCompilerABI.c]
  ignore line: [Linking C executable cmTryCompileExec]
  ignore line: [/usr/pkg/bin/cmake -E cmake_link_script CMakeFiles/cmTryCompileExec.dir/link.txt --verbose=1]
  ignore line: [/usr/pkgsrc/wip/eor/work/.wrapper/bin/cc   -O2 -O3 -msse3 -mfpmath=sse     -v CMakeFiles/cmTryCompileExec.dir/CMakeCCompilerABI.c.o  -o cmTryCompileExec   ]
  ignore line: [Using built-in specs.]
  ignore line: [Target: x86_64--netbsd]
  ignore line: [Configured with: /usr/src/tools/gcc/../../gnu/dist/gcc4/configure --enable-long-long --disable-multilib --enable-threads --disable-symvers --build=x86_64-unknown-netbsd4.99.72 --host=x86_64--netbsd --target=x86_64--netbsd --enable-__cxa_atexit]
  ignore line: [Thread model: posix]
  ignore line: [gcc version 4.1.3 20080704 prerelease (NetBSD nb2 20081120)]
  link line: [ ld -dc -dp -e _start -dynamic-linker /usr/libexec/ld.elf_so -o cmTryCompileExec /usr/lib/crt0.o /usr/lib/crti.o /usr/lib/crtbegin.o CMakeFiles/cmTryCompileExec.dir/CMakeCCompilerABI.c.o -lgcc -lgcc_eh -lc -lgcc -lgcc_eh /usr/lib/crtend.o /usr/lib/crtn.o]
    arg [ld] ==> ignore
    arg [-dc] ==> ignore
    arg [-dp] ==> ignore
    arg [-e] ==> ignore
    arg [_start] ==> ignore
    arg [-dynamic-linker] ==> ignore
    arg [/usr/libexec/ld.elf_so] ==> ignore
    arg [-o] ==> ignore
    arg [cmTryCompileExec] ==> ignore
    arg [/usr/lib/crt0.o] ==> ignore
    arg [/usr/lib/crti.o] ==> ignore
    arg [/usr/lib/crtbegin.o] ==> ignore
    arg [CMakeFiles/cmTryCompileExec.dir/CMakeCCompilerABI.c.o] ==> ignore
    arg [-lgcc] ==> lib [gcc]
    arg [-lgcc_eh] ==> lib [gcc_eh]
    arg [-lc] ==> lib [c]
    arg [-lgcc] ==> lib [gcc]
    arg [-lgcc_eh] ==> lib [gcc_eh]
    arg [/usr/lib/crtend.o] ==> ignore
    arg [/usr/lib/crtn.o] ==> ignore
  remove lib [gcc]
  remove lib [gcc_eh]
  remove lib [gcc]
  remove lib [gcc_eh]
  implicit libs: [c]
  implicit dirs: []


